2024-07-25 14:27 +08:00: TypeError: Cannot read properties of undefined (reading 'host')
2024-07-25 14:27 +08:00:     at new ConnectionConfig (/Users/macbookpro/Documents/Autumn/github/node-blog/blog-koa2/node_modules/.pnpm/mysql@2.18.1/node_modules/mysql/lib/ConnectionConfig.js:12:37)
2024-07-25 14:27 +08:00:     at Object.createConnection (/Users/macbookpro/Documents/Autumn/github/node-blog/blog-koa2/node_modules/.pnpm/mysql@2.18.1/node_modules/mysql/index.js:13:34)
2024-07-25 14:27 +08:00:     at Object.<anonymous> (/Users/macbookpro/Documents/Autumn/github/node-blog/blog-koa2/db/mysql.js:5:19)
2024-07-25 14:27 +08:00:     at Module._compile (node:internal/modules/cjs/loader:1191:14)
2024-07-25 14:27 +08:00:     at Object.Module._extensions..js (node:internal/modules/cjs/loader:1245:10)
2024-07-25 14:27 +08:00:     at Module.load (node:internal/modules/cjs/loader:1069:32)
2024-07-25 14:27 +08:00:     at Function.Module._load (node:internal/modules/cjs/loader:904:12)
2024-07-25 14:27 +08:00:     at Module.require (node:internal/modules/cjs/loader:1093:19)
2024-07-25 14:27 +08:00:     at Module.Hook._require.Module.require (/Users/macbookpro/.volta/tools/image/packages/pm2/lib/node_modules/pm2/node_modules/require-in-the-middle/index.js:101:39)
2024-07-25 14:27 +08:00:     at require (node:internal/modules/cjs/helpers:108:18)
2024-07-25 14:27 +08:00:     at Object.<anonymous> (/Users/macbookpro/Documents/Autumn/github/node-blog/blog-koa2/controller/blog.js:2:18)
2024-07-25 14:27 +08:00:     at Module._compile (node:internal/modules/cjs/loader:1191:14)
2024-07-25 14:27 +08:00:     at Object.Module._extensions..js (node:internal/modules/cjs/loader:1245:10)
2024-07-25 14:27 +08:00:     at Module.load (node:internal/modules/cjs/loader:1069:32)
2024-07-25 14:27 +08:00:     at Function.Module._load (node:internal/modules/cjs/loader:904:12)
2024-07-25 14:27 +08:00:     at Module.require (node:internal/modules/cjs/loader:1093:19)
2024-07-25 14:27 +08:00: TypeError: Cannot read properties of undefined (reading 'host')
2024-07-25 14:27 +08:00:     at new ConnectionConfig (/Users/macbookpro/Documents/Autumn/github/node-blog/blog-koa2/node_modules/.pnpm/mysql@2.18.1/node_modules/mysql/lib/ConnectionConfig.js:12:37)
2024-07-25 14:27 +08:00:     at Object.createConnection (/Users/macbookpro/Documents/Autumn/github/node-blog/blog-koa2/node_modules/.pnpm/mysql@2.18.1/node_modules/mysql/index.js:13:34)
2024-07-25 14:27 +08:00:     at Object.<anonymous> (/Users/macbookpro/Documents/Autumn/github/node-blog/blog-koa2/db/mysql.js:5:19)
2024-07-25 14:27 +08:00:     at Module._compile (node:internal/modules/cjs/loader:1191:14)
2024-07-25 14:27 +08:00:     at Object.Module._extensions..js (node:internal/modules/cjs/loader:1245:10)
2024-07-25 14:27 +08:00:     at Module.load (node:internal/modules/cjs/loader:1069:32)
2024-07-25 14:27 +08:00:     at Function.Module._load (node:internal/modules/cjs/loader:904:12)
2024-07-25 14:27 +08:00:     at Module.require (node:internal/modules/cjs/loader:1093:19)
2024-07-25 14:27 +08:00:     at Module.Hook._require.Module.require (/Users/macbookpro/.volta/tools/image/packages/pm2/lib/node_modules/pm2/node_modules/require-in-the-middle/index.js:101:39)
2024-07-25 14:27 +08:00:     at require (node:internal/modules/cjs/helpers:108:18)
2024-07-25 14:27 +08:00:     at Object.<anonymous> (/Users/macbookpro/Documents/Autumn/github/node-blog/blog-koa2/controller/blog.js:2:18)
2024-07-25 14:27 +08:00:     at Module._compile (node:internal/modules/cjs/loader:1191:14)
2024-07-25 14:27 +08:00:     at Object.Module._extensions..js (node:internal/modules/cjs/loader:1245:10)
2024-07-25 14:27 +08:00:     at Module.load (node:internal/modules/cjs/loader:1069:32)
2024-07-25 14:27 +08:00:     at Function.Module._load (node:internal/modules/cjs/loader:904:12)
2024-07-25 14:27 +08:00:     at Module.require (node:internal/modules/cjs/loader:1093:19)
2024-07-25 14:27 +08:00: TypeError: Cannot read properties of undefined (reading 'host')
2024-07-25 14:27 +08:00:     at new ConnectionConfig (/Users/macbookpro/Documents/Autumn/github/node-blog/blog-koa2/node_modules/.pnpm/mysql@2.18.1/node_modules/mysql/lib/ConnectionConfig.js:12:37)
2024-07-25 14:27 +08:00:     at Object.createConnection (/Users/macbookpro/Documents/Autumn/github/node-blog/blog-koa2/node_modules/.pnpm/mysql@2.18.1/node_modules/mysql/index.js:13:34)
2024-07-25 14:27 +08:00:     at Object.<anonymous> (/Users/macbookpro/Documents/Autumn/github/node-blog/blog-koa2/db/mysql.js:5:19)
2024-07-25 14:27 +08:00:     at Module._compile (node:internal/modules/cjs/loader:1191:14)
2024-07-25 14:27 +08:00:     at Object.Module._extensions..js (node:internal/modules/cjs/loader:1245:10)
2024-07-25 14:27 +08:00:     at Module.load (node:internal/modules/cjs/loader:1069:32)
2024-07-25 14:27 +08:00:     at Function.Module._load (node:internal/modules/cjs/loader:904:12)
2024-07-25 14:27 +08:00:     at Module.require (node:internal/modules/cjs/loader:1093:19)
2024-07-25 14:27 +08:00:     at Module.Hook._require.Module.require (/Users/macbookpro/.volta/tools/image/packages/pm2/lib/node_modules/pm2/node_modules/require-in-the-middle/index.js:101:39)
2024-07-25 14:27 +08:00:     at require (node:internal/modules/cjs/helpers:108:18)
2024-07-25 14:27 +08:00:     at Object.<anonymous> (/Users/macbookpro/Documents/Autumn/github/node-blog/blog-koa2/controller/blog.js:2:18)
2024-07-25 14:27 +08:00:     at Module._compile (node:internal/modules/cjs/loader:1191:14)
2024-07-25 14:27 +08:00:     at Object.Module._extensions..js (node:internal/modules/cjs/loader:1245:10)
2024-07-25 14:27 +08:00:     at Module.load (node:internal/modules/cjs/loader:1069:32)
2024-07-25 14:27 +08:00:     at Function.Module._load (node:internal/modules/cjs/loader:904:12)
2024-07-25 14:27 +08:00:     at Module.require (node:internal/modules/cjs/loader:1093:19)
2024-07-25 14:27 +08:00: TypeError: Cannot read properties of undefined (reading 'host')
2024-07-25 14:27 +08:00:     at new ConnectionConfig (/Users/macbookpro/Documents/Autumn/github/node-blog/blog-koa2/node_modules/.pnpm/mysql@2.18.1/node_modules/mysql/lib/ConnectionConfig.js:12:37)
2024-07-25 14:27 +08:00:     at Object.createConnection (/Users/macbookpro/Documents/Autumn/github/node-blog/blog-koa2/node_modules/.pnpm/mysql@2.18.1/node_modules/mysql/index.js:13:34)
2024-07-25 14:27 +08:00:     at Object.<anonymous> (/Users/macbookpro/Documents/Autumn/github/node-blog/blog-koa2/db/mysql.js:5:19)
2024-07-25 14:27 +08:00:     at Module._compile (node:internal/modules/cjs/loader:1191:14)
2024-07-25 14:27 +08:00:     at Object.Module._extensions..js (node:internal/modules/cjs/loader:1245:10)
2024-07-25 14:27 +08:00:     at Module.load (node:internal/modules/cjs/loader:1069:32)
2024-07-25 14:27 +08:00:     at Function.Module._load (node:internal/modules/cjs/loader:904:12)
2024-07-25 14:27 +08:00:     at Module.require (node:internal/modules/cjs/loader:1093:19)
2024-07-25 14:27 +08:00:     at Module.Hook._require.Module.require (/Users/macbookpro/.volta/tools/image/packages/pm2/lib/node_modules/pm2/node_modules/require-in-the-middle/index.js:101:39)
2024-07-25 14:27 +08:00:     at require (node:internal/modules/cjs/helpers:108:18)
2024-07-25 14:27 +08:00:     at Object.<anonymous> (/Users/macbookpro/Documents/Autumn/github/node-blog/blog-koa2/controller/blog.js:2:18)
2024-07-25 14:27 +08:00:     at Module._compile (node:internal/modules/cjs/loader:1191:14)
2024-07-25 14:27 +08:00:     at Object.Module._extensions..js (node:internal/modules/cjs/loader:1245:10)
2024-07-25 14:27 +08:00:     at Module.load (node:internal/modules/cjs/loader:1069:32)
2024-07-25 14:27 +08:00:     at Function.Module._load (node:internal/modules/cjs/loader:904:12)
2024-07-25 14:27 +08:00:     at Module.require (node:internal/modules/cjs/loader:1093:19)
2024-07-25 14:27 +08:00: TypeError: Cannot read properties of undefined (reading 'host')
2024-07-25 14:27 +08:00:     at new ConnectionConfig (/Users/macbookpro/Documents/Autumn/github/node-blog/blog-koa2/node_modules/.pnpm/mysql@2.18.1/node_modules/mysql/lib/ConnectionConfig.js:12:37)
2024-07-25 14:27 +08:00:     at Object.createConnection (/Users/macbookpro/Documents/Autumn/github/node-blog/blog-koa2/node_modules/.pnpm/mysql@2.18.1/node_modules/mysql/index.js:13:34)
2024-07-25 14:27 +08:00:     at Object.<anonymous> (/Users/macbookpro/Documents/Autumn/github/node-blog/blog-koa2/db/mysql.js:5:19)
2024-07-25 14:27 +08:00:     at Module._compile (node:internal/modules/cjs/loader:1191:14)
2024-07-25 14:27 +08:00:     at Object.Module._extensions..js (node:internal/modules/cjs/loader:1245:10)
2024-07-25 14:27 +08:00:     at Module.load (node:internal/modules/cjs/loader:1069:32)
2024-07-25 14:27 +08:00:     at Function.Module._load (node:internal/modules/cjs/loader:904:12)
2024-07-25 14:27 +08:00:     at Module.require (node:internal/modules/cjs/loader:1093:19)
2024-07-25 14:27 +08:00:     at Module.Hook._require.Module.require (/Users/macbookpro/.volta/tools/image/packages/pm2/lib/node_modules/pm2/node_modules/require-in-the-middle/index.js:101:39)
2024-07-25 14:27 +08:00:     at require (node:internal/modules/cjs/helpers:108:18)
2024-07-25 14:27 +08:00:     at Object.<anonymous> (/Users/macbookpro/Documents/Autumn/github/node-blog/blog-koa2/controller/blog.js:2:18)
2024-07-25 14:27 +08:00:     at Module._compile (node:internal/modules/cjs/loader:1191:14)
2024-07-25 14:27 +08:00:     at Object.Module._extensions..js (node:internal/modules/cjs/loader:1245:10)
2024-07-25 14:27 +08:00:     at Module.load (node:internal/modules/cjs/loader:1069:32)
2024-07-25 14:27 +08:00:     at Function.Module._load (node:internal/modules/cjs/loader:904:12)
2024-07-25 14:27 +08:00:     at Module.require (node:internal/modules/cjs/loader:1093:19)
2024-07-25 14:27 +08:00: TypeError: Cannot read properties of undefined (reading 'host')
2024-07-25 14:27 +08:00:     at new ConnectionConfig (/Users/macbookpro/Documents/Autumn/github/node-blog/blog-koa2/node_modules/.pnpm/mysql@2.18.1/node_modules/mysql/lib/ConnectionConfig.js:12:37)
2024-07-25 14:27 +08:00:     at Object.createConnection (/Users/macbookpro/Documents/Autumn/github/node-blog/blog-koa2/node_modules/.pnpm/mysql@2.18.1/node_modules/mysql/index.js:13:34)
2024-07-25 14:27 +08:00:     at Object.<anonymous> (/Users/macbookpro/Documents/Autumn/github/node-blog/blog-koa2/db/mysql.js:5:19)
2024-07-25 14:27 +08:00:     at Module._compile (node:internal/modules/cjs/loader:1191:14)
2024-07-25 14:27 +08:00:     at Object.Module._extensions..js (node:internal/modules/cjs/loader:1245:10)
2024-07-25 14:27 +08:00:     at Module.load (node:internal/modules/cjs/loader:1069:32)
2024-07-25 14:27 +08:00:     at Function.Module._load (node:internal/modules/cjs/loader:904:12)
2024-07-25 14:27 +08:00:     at Module.require (node:internal/modules/cjs/loader:1093:19)
2024-07-25 14:27 +08:00:     at Module.Hook._require.Module.require (/Users/macbookpro/.volta/tools/image/packages/pm2/lib/node_modules/pm2/node_modules/require-in-the-middle/index.js:101:39)
2024-07-25 14:27 +08:00:     at require (node:internal/modules/cjs/helpers:108:18)
2024-07-25 14:27 +08:00:     at Object.<anonymous> (/Users/macbookpro/Documents/Autumn/github/node-blog/blog-koa2/controller/blog.js:2:18)
2024-07-25 14:27 +08:00:     at Module._compile (node:internal/modules/cjs/loader:1191:14)
2024-07-25 14:27 +08:00:     at Object.Module._extensions..js (node:internal/modules/cjs/loader:1245:10)
2024-07-25 14:27 +08:00:     at Module.load (node:internal/modules/cjs/loader:1069:32)
2024-07-25 14:27 +08:00:     at Function.Module._load (node:internal/modules/cjs/loader:904:12)
2024-07-25 14:27 +08:00:     at Module.require (node:internal/modules/cjs/loader:1093:19)
2024-07-25 14:27 +08:00: TypeError: Cannot read properties of undefined (reading 'host')
2024-07-25 14:27 +08:00:     at new ConnectionConfig (/Users/macbookpro/Documents/Autumn/github/node-blog/blog-koa2/node_modules/.pnpm/mysql@2.18.1/node_modules/mysql/lib/ConnectionConfig.js:12:37)
2024-07-25 14:27 +08:00:     at Object.createConnection (/Users/macbookpro/Documents/Autumn/github/node-blog/blog-koa2/node_modules/.pnpm/mysql@2.18.1/node_modules/mysql/index.js:13:34)
2024-07-25 14:27 +08:00:     at Object.<anonymous> (/Users/macbookpro/Documents/Autumn/github/node-blog/blog-koa2/db/mysql.js:5:19)
2024-07-25 14:27 +08:00:     at Module._compile (node:internal/modules/cjs/loader:1191:14)
2024-07-25 14:27 +08:00:     at Object.Module._extensions..js (node:internal/modules/cjs/loader:1245:10)
2024-07-25 14:27 +08:00:     at Module.load (node:internal/modules/cjs/loader:1069:32)
2024-07-25 14:27 +08:00:     at Function.Module._load (node:internal/modules/cjs/loader:904:12)
2024-07-25 14:27 +08:00:     at Module.require (node:internal/modules/cjs/loader:1093:19)
2024-07-25 14:27 +08:00:     at Module.Hook._require.Module.require (/Users/macbookpro/.volta/tools/image/packages/pm2/lib/node_modules/pm2/node_modules/require-in-the-middle/index.js:101:39)
2024-07-25 14:27 +08:00:     at require (node:internal/modules/cjs/helpers:108:18)
2024-07-25 14:27 +08:00:     at Object.<anonymous> (/Users/macbookpro/Documents/Autumn/github/node-blog/blog-koa2/controller/blog.js:2:18)
2024-07-25 14:27 +08:00:     at Module._compile (node:internal/modules/cjs/loader:1191:14)
2024-07-25 14:27 +08:00:     at Object.Module._extensions..js (node:internal/modules/cjs/loader:1245:10)
2024-07-25 14:27 +08:00:     at Module.load (node:internal/modules/cjs/loader:1069:32)
2024-07-25 14:27 +08:00:     at Function.Module._load (node:internal/modules/cjs/loader:904:12)
2024-07-25 14:27 +08:00:     at Module.require (node:internal/modules/cjs/loader:1093:19)
2024-07-25 14:27 +08:00: TypeError: Cannot read properties of undefined (reading 'host')
2024-07-25 14:27 +08:00:     at new ConnectionConfig (/Users/macbookpro/Documents/Autumn/github/node-blog/blog-koa2/node_modules/.pnpm/mysql@2.18.1/node_modules/mysql/lib/ConnectionConfig.js:12:37)
2024-07-25 14:27 +08:00:     at Object.createConnection (/Users/macbookpro/Documents/Autumn/github/node-blog/blog-koa2/node_modules/.pnpm/mysql@2.18.1/node_modules/mysql/index.js:13:34)
2024-07-25 14:27 +08:00:     at Object.<anonymous> (/Users/macbookpro/Documents/Autumn/github/node-blog/blog-koa2/db/mysql.js:5:19)
2024-07-25 14:27 +08:00:     at Module._compile (node:internal/modules/cjs/loader:1191:14)
2024-07-25 14:27 +08:00:     at Object.Module._extensions..js (node:internal/modules/cjs/loader:1245:10)
2024-07-25 14:27 +08:00:     at Module.load (node:internal/modules/cjs/loader:1069:32)
2024-07-25 14:27 +08:00:     at Function.Module._load (node:internal/modules/cjs/loader:904:12)
2024-07-25 14:27 +08:00:     at Module.require (node:internal/modules/cjs/loader:1093:19)
2024-07-25 14:27 +08:00:     at Module.Hook._require.Module.require (/Users/macbookpro/.volta/tools/image/packages/pm2/lib/node_modules/pm2/node_modules/require-in-the-middle/index.js:101:39)
2024-07-25 14:27 +08:00:     at require (node:internal/modules/cjs/helpers:108:18)
2024-07-25 14:27 +08:00:     at Object.<anonymous> (/Users/macbookpro/Documents/Autumn/github/node-blog/blog-koa2/controller/blog.js:2:18)
2024-07-25 14:27 +08:00:     at Module._compile (node:internal/modules/cjs/loader:1191:14)
2024-07-25 14:27 +08:00:     at Object.Module._extensions..js (node:internal/modules/cjs/loader:1245:10)
2024-07-25 14:27 +08:00:     at Module.load (node:internal/modules/cjs/loader:1069:32)
2024-07-25 14:27 +08:00:     at Function.Module._load (node:internal/modules/cjs/loader:904:12)
2024-07-25 14:27 +08:00:     at Module.require (node:internal/modules/cjs/loader:1093:19)
2024-07-25 14:27 +08:00: TypeError: Cannot read properties of undefined (reading 'host')
2024-07-25 14:27 +08:00:     at new ConnectionConfig (/Users/macbookpro/Documents/Autumn/github/node-blog/blog-koa2/node_modules/.pnpm/mysql@2.18.1/node_modules/mysql/lib/ConnectionConfig.js:12:37)
2024-07-25 14:27 +08:00:     at Object.createConnection (/Users/macbookpro/Documents/Autumn/github/node-blog/blog-koa2/node_modules/.pnpm/mysql@2.18.1/node_modules/mysql/index.js:13:34)
2024-07-25 14:27 +08:00:     at Object.<anonymous> (/Users/macbookpro/Documents/Autumn/github/node-blog/blog-koa2/db/mysql.js:5:19)
2024-07-25 14:27 +08:00:     at Module._compile (node:internal/modules/cjs/loader:1191:14)
2024-07-25 14:27 +08:00:     at Object.Module._extensions..js (node:internal/modules/cjs/loader:1245:10)
2024-07-25 14:27 +08:00:     at Module.load (node:internal/modules/cjs/loader:1069:32)
2024-07-25 14:27 +08:00:     at Function.Module._load (node:internal/modules/cjs/loader:904:12)
2024-07-25 14:27 +08:00:     at Module.require (node:internal/modules/cjs/loader:1093:19)
2024-07-25 14:27 +08:00:     at Module.Hook._require.Module.require (/Users/macbookpro/.volta/tools/image/packages/pm2/lib/node_modules/pm2/node_modules/require-in-the-middle/index.js:101:39)
2024-07-25 14:27 +08:00:     at require (node:internal/modules/cjs/helpers:108:18)
2024-07-25 14:27 +08:00:     at Object.<anonymous> (/Users/macbookpro/Documents/Autumn/github/node-blog/blog-koa2/controller/blog.js:2:18)
2024-07-25 14:27 +08:00:     at Module._compile (node:internal/modules/cjs/loader:1191:14)
2024-07-25 14:27 +08:00:     at Object.Module._extensions..js (node:internal/modules/cjs/loader:1245:10)
2024-07-25 14:27 +08:00:     at Module.load (node:internal/modules/cjs/loader:1069:32)
2024-07-25 14:27 +08:00:     at Function.Module._load (node:internal/modules/cjs/loader:904:12)
2024-07-25 14:27 +08:00:     at Module.require (node:internal/modules/cjs/loader:1093:19)
2024-07-25 14:27 +08:00: TypeError: Cannot read properties of undefined (reading 'host')
2024-07-25 14:27 +08:00:     at new ConnectionConfig (/Users/macbookpro/Documents/Autumn/github/node-blog/blog-koa2/node_modules/.pnpm/mysql@2.18.1/node_modules/mysql/lib/ConnectionConfig.js:12:37)
2024-07-25 14:27 +08:00:     at Object.createConnection (/Users/macbookpro/Documents/Autumn/github/node-blog/blog-koa2/node_modules/.pnpm/mysql@2.18.1/node_modules/mysql/index.js:13:34)
2024-07-25 14:27 +08:00:     at Object.<anonymous> (/Users/macbookpro/Documents/Autumn/github/node-blog/blog-koa2/db/mysql.js:5:19)
2024-07-25 14:27 +08:00:     at Module._compile (node:internal/modules/cjs/loader:1191:14)
2024-07-25 14:27 +08:00:     at Object.Module._extensions..js (node:internal/modules/cjs/loader:1245:10)
2024-07-25 14:27 +08:00:     at Module.load (node:internal/modules/cjs/loader:1069:32)
2024-07-25 14:27 +08:00:     at Function.Module._load (node:internal/modules/cjs/loader:904:12)
2024-07-25 14:27 +08:00:     at Module.require (node:internal/modules/cjs/loader:1093:19)
2024-07-25 14:27 +08:00:     at Module.Hook._require.Module.require (/Users/macbookpro/.volta/tools/image/packages/pm2/lib/node_modules/pm2/node_modules/require-in-the-middle/index.js:101:39)
2024-07-25 14:27 +08:00:     at require (node:internal/modules/cjs/helpers:108:18)
2024-07-25 14:27 +08:00:     at Object.<anonymous> (/Users/macbookpro/Documents/Autumn/github/node-blog/blog-koa2/controller/blog.js:2:18)
2024-07-25 14:27 +08:00:     at Module._compile (node:internal/modules/cjs/loader:1191:14)
2024-07-25 14:27 +08:00:     at Object.Module._extensions..js (node:internal/modules/cjs/loader:1245:10)
2024-07-25 14:27 +08:00:     at Module.load (node:internal/modules/cjs/loader:1069:32)
2024-07-25 14:27 +08:00:     at Function.Module._load (node:internal/modules/cjs/loader:904:12)
2024-07-25 14:27 +08:00:     at Module.require (node:internal/modules/cjs/loader:1093:19)
2024-07-25 14:27 +08:00: TypeError: Cannot read properties of undefined (reading 'host')
2024-07-25 14:27 +08:00:     at new ConnectionConfig (/Users/macbookpro/Documents/Autumn/github/node-blog/blog-koa2/node_modules/.pnpm/mysql@2.18.1/node_modules/mysql/lib/ConnectionConfig.js:12:37)
2024-07-25 14:27 +08:00:     at Object.createConnection (/Users/macbookpro/Documents/Autumn/github/node-blog/blog-koa2/node_modules/.pnpm/mysql@2.18.1/node_modules/mysql/index.js:13:34)
2024-07-25 14:27 +08:00:     at Object.<anonymous> (/Users/macbookpro/Documents/Autumn/github/node-blog/blog-koa2/db/mysql.js:5:19)
2024-07-25 14:27 +08:00:     at Module._compile (node:internal/modules/cjs/loader:1191:14)
2024-07-25 14:27 +08:00:     at Object.Module._extensions..js (node:internal/modules/cjs/loader:1245:10)
2024-07-25 14:27 +08:00:     at Module.load (node:internal/modules/cjs/loader:1069:32)
2024-07-25 14:27 +08:00:     at Function.Module._load (node:internal/modules/cjs/loader:904:12)
2024-07-25 14:27 +08:00:     at Module.require (node:internal/modules/cjs/loader:1093:19)
2024-07-25 14:27 +08:00:     at Module.Hook._require.Module.require (/Users/macbookpro/.volta/tools/image/packages/pm2/lib/node_modules/pm2/node_modules/require-in-the-middle/index.js:101:39)
2024-07-25 14:27 +08:00:     at require (node:internal/modules/cjs/helpers:108:18)
2024-07-25 14:27 +08:00:     at Object.<anonymous> (/Users/macbookpro/Documents/Autumn/github/node-blog/blog-koa2/controller/blog.js:2:18)
2024-07-25 14:27 +08:00:     at Module._compile (node:internal/modules/cjs/loader:1191:14)
2024-07-25 14:27 +08:00:     at Object.Module._extensions..js (node:internal/modules/cjs/loader:1245:10)
2024-07-25 14:27 +08:00:     at Module.load (node:internal/modules/cjs/loader:1069:32)
2024-07-25 14:27 +08:00:     at Function.Module._load (node:internal/modules/cjs/loader:904:12)
2024-07-25 14:27 +08:00:     at Module.require (node:internal/modules/cjs/loader:1093:19)
2024-07-25 14:27 +08:00: TypeError: Cannot read properties of undefined (reading 'host')
2024-07-25 14:27 +08:00:     at new ConnectionConfig (/Users/macbookpro/Documents/Autumn/github/node-blog/blog-koa2/node_modules/.pnpm/mysql@2.18.1/node_modules/mysql/lib/ConnectionConfig.js:12:37)
2024-07-25 14:27 +08:00:     at Object.createConnection (/Users/macbookpro/Documents/Autumn/github/node-blog/blog-koa2/node_modules/.pnpm/mysql@2.18.1/node_modules/mysql/index.js:13:34)
2024-07-25 14:27 +08:00:     at Object.<anonymous> (/Users/macbookpro/Documents/Autumn/github/node-blog/blog-koa2/db/mysql.js:5:19)
2024-07-25 14:27 +08:00:     at Module._compile (node:internal/modules/cjs/loader:1191:14)
2024-07-25 14:27 +08:00:     at Object.Module._extensions..js (node:internal/modules/cjs/loader:1245:10)
2024-07-25 14:27 +08:00:     at Module.load (node:internal/modules/cjs/loader:1069:32)
2024-07-25 14:27 +08:00:     at Function.Module._load (node:internal/modules/cjs/loader:904:12)
2024-07-25 14:27 +08:00:     at Module.require (node:internal/modules/cjs/loader:1093:19)
2024-07-25 14:27 +08:00:     at Module.Hook._require.Module.require (/Users/macbookpro/.volta/tools/image/packages/pm2/lib/node_modules/pm2/node_modules/require-in-the-middle/index.js:101:39)
2024-07-25 14:27 +08:00:     at require (node:internal/modules/cjs/helpers:108:18)
2024-07-25 14:27 +08:00:     at Object.<anonymous> (/Users/macbookpro/Documents/Autumn/github/node-blog/blog-koa2/controller/blog.js:2:18)
2024-07-25 14:27 +08:00:     at Module._compile (node:internal/modules/cjs/loader:1191:14)
2024-07-25 14:27 +08:00:     at Object.Module._extensions..js (node:internal/modules/cjs/loader:1245:10)
2024-07-25 14:27 +08:00:     at Module.load (node:internal/modules/cjs/loader:1069:32)
2024-07-25 14:27 +08:00:     at Function.Module._load (node:internal/modules/cjs/loader:904:12)
2024-07-25 14:27 +08:00:     at Module.require (node:internal/modules/cjs/loader:1093:19)
2024-07-25 14:27 +08:00: TypeError: Cannot read properties of undefined (reading 'host')
2024-07-25 14:27 +08:00:     at new ConnectionConfig (/Users/macbookpro/Documents/Autumn/github/node-blog/blog-koa2/node_modules/.pnpm/mysql@2.18.1/node_modules/mysql/lib/ConnectionConfig.js:12:37)
2024-07-25 14:27 +08:00:     at Object.createConnection (/Users/macbookpro/Documents/Autumn/github/node-blog/blog-koa2/node_modules/.pnpm/mysql@2.18.1/node_modules/mysql/index.js:13:34)
2024-07-25 14:27 +08:00:     at Object.<anonymous> (/Users/macbookpro/Documents/Autumn/github/node-blog/blog-koa2/db/mysql.js:5:19)
2024-07-25 14:27 +08:00:     at Module._compile (node:internal/modules/cjs/loader:1191:14)
2024-07-25 14:27 +08:00:     at Object.Module._extensions..js (node:internal/modules/cjs/loader:1245:10)
2024-07-25 14:27 +08:00:     at Module.load (node:internal/modules/cjs/loader:1069:32)
2024-07-25 14:27 +08:00:     at Function.Module._load (node:internal/modules/cjs/loader:904:12)
2024-07-25 14:27 +08:00:     at Module.require (node:internal/modules/cjs/loader:1093:19)
2024-07-25 14:27 +08:00:     at Module.Hook._require.Module.require (/Users/macbookpro/.volta/tools/image/packages/pm2/lib/node_modules/pm2/node_modules/require-in-the-middle/index.js:101:39)
2024-07-25 14:27 +08:00:     at require (node:internal/modules/cjs/helpers:108:18)
2024-07-25 14:27 +08:00:     at Object.<anonymous> (/Users/macbookpro/Documents/Autumn/github/node-blog/blog-koa2/controller/blog.js:2:18)
2024-07-25 14:27 +08:00:     at Module._compile (node:internal/modules/cjs/loader:1191:14)
2024-07-25 14:27 +08:00:     at Object.Module._extensions..js (node:internal/modules/cjs/loader:1245:10)
2024-07-25 14:27 +08:00:     at Module.load (node:internal/modules/cjs/loader:1069:32)
2024-07-25 14:27 +08:00:     at Function.Module._load (node:internal/modules/cjs/loader:904:12)
2024-07-25 14:27 +08:00:     at Module.require (node:internal/modules/cjs/loader:1093:19)
2024-07-25 14:27 +08:00: TypeError: Cannot read properties of undefined (reading 'host')
2024-07-25 14:27 +08:00:     at new ConnectionConfig (/Users/macbookpro/Documents/Autumn/github/node-blog/blog-koa2/node_modules/.pnpm/mysql@2.18.1/node_modules/mysql/lib/ConnectionConfig.js:12:37)
2024-07-25 14:27 +08:00:     at Object.createConnection (/Users/macbookpro/Documents/Autumn/github/node-blog/blog-koa2/node_modules/.pnpm/mysql@2.18.1/node_modules/mysql/index.js:13:34)
2024-07-25 14:27 +08:00:     at Object.<anonymous> (/Users/macbookpro/Documents/Autumn/github/node-blog/blog-koa2/db/mysql.js:5:19)
2024-07-25 14:27 +08:00:     at Module._compile (node:internal/modules/cjs/loader:1191:14)
2024-07-25 14:27 +08:00:     at Object.Module._extensions..js (node:internal/modules/cjs/loader:1245:10)
2024-07-25 14:27 +08:00:     at Module.load (node:internal/modules/cjs/loader:1069:32)
2024-07-25 14:27 +08:00:     at Function.Module._load (node:internal/modules/cjs/loader:904:12)
2024-07-25 14:27 +08:00:     at Module.require (node:internal/modules/cjs/loader:1093:19)
2024-07-25 14:27 +08:00:     at Module.Hook._require.Module.require (/Users/macbookpro/.volta/tools/image/packages/pm2/lib/node_modules/pm2/node_modules/require-in-the-middle/index.js:101:39)
2024-07-25 14:27 +08:00:     at require (node:internal/modules/cjs/helpers:108:18)
2024-07-25 14:27 +08:00:     at Object.<anonymous> (/Users/macbookpro/Documents/Autumn/github/node-blog/blog-koa2/controller/blog.js:2:18)
2024-07-25 14:27 +08:00:     at Module._compile (node:internal/modules/cjs/loader:1191:14)
2024-07-25 14:27 +08:00:     at Object.Module._extensions..js (node:internal/modules/cjs/loader:1245:10)
2024-07-25 14:27 +08:00:     at Module.load (node:internal/modules/cjs/loader:1069:32)
2024-07-25 14:27 +08:00:     at Function.Module._load (node:internal/modules/cjs/loader:904:12)
2024-07-25 14:27 +08:00:     at Module.require (node:internal/modules/cjs/loader:1093:19)
2024-07-25 14:27 +08:00: TypeError: Cannot read properties of undefined (reading 'host')
2024-07-25 14:27 +08:00:     at new ConnectionConfig (/Users/macbookpro/Documents/Autumn/github/node-blog/blog-koa2/node_modules/.pnpm/mysql@2.18.1/node_modules/mysql/lib/ConnectionConfig.js:12:37)
2024-07-25 14:27 +08:00:     at Object.createConnection (/Users/macbookpro/Documents/Autumn/github/node-blog/blog-koa2/node_modules/.pnpm/mysql@2.18.1/node_modules/mysql/index.js:13:34)
2024-07-25 14:27 +08:00:     at Object.<anonymous> (/Users/macbookpro/Documents/Autumn/github/node-blog/blog-koa2/db/mysql.js:5:19)
2024-07-25 14:27 +08:00:     at Module._compile (node:internal/modules/cjs/loader:1191:14)
2024-07-25 14:27 +08:00:     at Object.Module._extensions..js (node:internal/modules/cjs/loader:1245:10)
2024-07-25 14:27 +08:00:     at Module.load (node:internal/modules/cjs/loader:1069:32)
2024-07-25 14:27 +08:00:     at Function.Module._load (node:internal/modules/cjs/loader:904:12)
2024-07-25 14:27 +08:00:     at Module.require (node:internal/modules/cjs/loader:1093:19)
2024-07-25 14:27 +08:00:     at Module.Hook._require.Module.require (/Users/macbookpro/.volta/tools/image/packages/pm2/lib/node_modules/pm2/node_modules/require-in-the-middle/index.js:101:39)
2024-07-25 14:27 +08:00:     at require (node:internal/modules/cjs/helpers:108:18)
2024-07-25 14:27 +08:00:     at Object.<anonymous> (/Users/macbookpro/Documents/Autumn/github/node-blog/blog-koa2/controller/blog.js:2:18)
2024-07-25 14:27 +08:00:     at Module._compile (node:internal/modules/cjs/loader:1191:14)
2024-07-25 14:27 +08:00:     at Object.Module._extensions..js (node:internal/modules/cjs/loader:1245:10)
2024-07-25 14:27 +08:00:     at Module.load (node:internal/modules/cjs/loader:1069:32)
2024-07-25 14:27 +08:00:     at Function.Module._load (node:internal/modules/cjs/loader:904:12)
2024-07-25 14:27 +08:00:     at Module.require (node:internal/modules/cjs/loader:1093:19)
2024-07-25 14:27 +08:00: TypeError: Cannot read properties of undefined (reading 'host')
2024-07-25 14:27 +08:00:     at new ConnectionConfig (/Users/macbookpro/Documents/Autumn/github/node-blog/blog-koa2/node_modules/.pnpm/mysql@2.18.1/node_modules/mysql/lib/ConnectionConfig.js:12:37)
2024-07-25 14:27 +08:00:     at Object.createConnection (/Users/macbookpro/Documents/Autumn/github/node-blog/blog-koa2/node_modules/.pnpm/mysql@2.18.1/node_modules/mysql/index.js:13:34)
2024-07-25 14:27 +08:00:     at Object.<anonymous> (/Users/macbookpro/Documents/Autumn/github/node-blog/blog-koa2/db/mysql.js:5:19)
2024-07-25 14:27 +08:00:     at Module._compile (node:internal/modules/cjs/loader:1191:14)
2024-07-25 14:27 +08:00:     at Object.Module._extensions..js (node:internal/modules/cjs/loader:1245:10)
2024-07-25 14:27 +08:00:     at Module.load (node:internal/modules/cjs/loader:1069:32)
2024-07-25 14:27 +08:00:     at Function.Module._load (node:internal/modules/cjs/loader:904:12)
2024-07-25 14:27 +08:00:     at Module.require (node:internal/modules/cjs/loader:1093:19)
2024-07-25 14:27 +08:00:     at Module.Hook._require.Module.require (/Users/macbookpro/.volta/tools/image/packages/pm2/lib/node_modules/pm2/node_modules/require-in-the-middle/index.js:101:39)
2024-07-25 14:27 +08:00:     at require (node:internal/modules/cjs/helpers:108:18)
2024-07-25 14:27 +08:00:     at Object.<anonymous> (/Users/macbookpro/Documents/Autumn/github/node-blog/blog-koa2/controller/blog.js:2:18)
2024-07-25 14:27 +08:00:     at Module._compile (node:internal/modules/cjs/loader:1191:14)
2024-07-25 14:27 +08:00:     at Object.Module._extensions..js (node:internal/modules/cjs/loader:1245:10)
2024-07-25 14:27 +08:00:     at Module.load (node:internal/modules/cjs/loader:1069:32)
2024-07-25 14:27 +08:00:     at Function.Module._load (node:internal/modules/cjs/loader:904:12)
2024-07-25 14:27 +08:00:     at Module.require (node:internal/modules/cjs/loader:1093:19)
